0 verbose cli /usr/bin/node /usr/bin/npm
1 info using npm@10.9.3
2 info using node@v22.20.0
3 silly config load:file:/usr/lib/node_modules/npm/npmrc
4 silly config load:file:/home/michael/Entwicklung/BSky-Kampagnen-Bot/.npmrc
5 silly config load:file:/home/michael/.npmrc
6 silly config load:file:/usr/etc/npmrc
7 verbose title npm run lint
8 verbose argv "run" "lint" "--cache" "false"
9 verbose logfile logs-max:10 dir:/home/michael/Entwicklung/BSky-Kampagnen-Bot/false/_logs/2025-10-11T17_59_13_431Z-
10 verbose logfile /home/michael/Entwicklung/BSky-Kampagnen-Bot/false/_logs/2025-10-11T17_59_13_431Z-debug-0.log
11 silly logfile done cleaning log files
12 http fetch GET 200 https://registry.npmjs.org/npm 904ms
13 verbose cwd /home/michael/Entwicklung/BSky-Kampagnen-Bot
14 verbose os Linux 6.14.0-33-generic
15 verbose node v22.20.0
16 verbose npm  v10.9.3
17 notice
17 notice New [31mmajor[39m version of npm available! [31m10.9.3[39m -> [34m11.6.2[39m
17 notice Changelog: [34mhttps://github.com/npm/cli/releases/tag/v11.6.2[39m
17 notice To update run: [4mnpm install -g npm@11.6.2[24m
17 notice  { force: true, [Symbol(proc-log.meta)]: true }
18 verbose exit 1
19 verbose code 1
